2026-07-01 16:51:28,821 [INFO] Fetched 3 stories from HackerNews
2026-07-01 16:51:28,889 [INFO] Fetched 2 stories from TechCrunch
2026-07-01 16:51:29,015 [INFO] Fetched 2 stories from The Verge
2026-07-01 16:51:29,139 [INFO] Fetched 2 stories from Ars Technica - All content
Traceback (most recent call last):
  File "/home/ubuntu/projects/blog/scripts/generate_post.py", line 19, in <module>
    import feedparser
ModuleNotFoundError: No module named 'feedparser'
2026-07-02 17:51:47,875 [INFO] Starting blog content generation
2026-07-02 17:51:50,703 [INFO] Fetched 10 stories from HackerNews
2026-07-02 17:51:50,765 [INFO] Fetched 5 stories from TechCrunch
2026-07-02 17:51:50,889 [INFO] Fetched 5 stories from The Verge
2026-07-02 17:51:51,031 [INFO] Fetched 5 stories from Ars Technica - All content
2026-07-02 17:51:51,032 [INFO] Selected 4 stories for generation
2026-07-02 17:51:51,032 [INFO] Generating post for: Android Developer Verification: Threat masquerading as protection
2026-07-02 17:53:06,864 [INFO] Created post: /home/ubuntu/projects/blog/src/content/blog/2026-07-02-android-bajo-control-la-verificaci-n-de-google-com.mdx
2026-07-02 17:53:08,074 [INFO] Pushed to git: blog: add Android bajo control: la "verificación" de Google como cercamiento digital monopólico
2026-07-02 17:53:08,074 [INFO] Generating post for: AI can't be listed as inventor on patent applications, Japan's top court rules
2026-07-02 17:54:03,736 [INFO] Created post: /home/ubuntu/projects/blog/src/content/blog/2026-07-02-patentes-sin-inventor-la-sentencia-japonesa-y-los-.mdx
2026-07-02 17:54:04,926 [INFO] Pushed to git: blog: add Patentes sin inventor: la sentencia japonesa y los monopolios del capital algorítmico
2026-07-02 17:54:04,926 [INFO] Generation complete. Created 2 posts.
2026-07-02 19:13:04,525 [ERROR] Failed to login to File Browser: 403 Client Error: Forbidden for url: https://files.sebastianmorales.sbs/api/login
2026-07-02 19:13:04,526 [INFO] Parsed 2 image prompts, mermaid: True
2026-07-02 19:14:20,771 [INFO] Parsed 2 image prompts, mermaid: True
2026-07-02 19:14:38,390 [INFO] Fetched 5 stories from HackerNews
2026-07-02 19:14:38,392 [INFO] Selected 1 stories for generation
2026-07-02 19:16:08,399 [INFO] Parsed 2 image prompts, mermaid: True
2026-07-02 19:16:08,401 [INFO] Created post: /home/ubuntu/projects/blog/src/content/blog/2026-07-02-el-nuevo-cercamiento-digital-c-mo-la-verificaci-n-.mdx
2026-07-02 19:17:20,731 [INFO] Fetched 5 stories from HackerNews
2026-07-02 19:17:20,734 [INFO] Selected 1 stories for generation
2026-07-02 19:18:18,703 [INFO] Parsed 2 image prompts, mermaid: True
2026-07-02 19:18:18,703 [INFO] Created post: /home/ubuntu/projects/blog/src/content/blog/2026-07-02-verificaci-n-de-desarrolladores-en-android-la-priv.mdx
2026-07-02 19:19:13,831 [INFO] Fetched 5 stories from HackerNews
2026-07-02 19:19:13,833 [INFO] Selected 1 stories for generation
2026-07-02 19:20:54,690 [INFO] Parsed 2 image prompts, mermaid: True
2026-07-02 19:20:54,691 [INFO] Created post: /home/ubuntu/projects/blog/src/content/blog/2026-07-02-android-en-cadenas-el-cercamiento-digital-que-goog.mdx
2026-07-02 19:21:05,860 [INFO] Fetched 5 stories from HackerNews
2026-07-02 19:21:05,863 [INFO] Selected 1 stories for generation
2026-07-02 19:24:00,948 [INFO] Fetched 5 stories from HackerNews
2026-07-02 19:24:00,950 [INFO] Selected 1 stories for generation
2026-07-02 19:24:55,143 [INFO] Parsed 2 image prompts, mermaid: True
2026-07-02 19:24:55,143 [INFO] Created post: /home/ubuntu/projects/blog/src/content/blog/2026-07-02-el-cercamiento-digital-del-siglo-xxi-c-mo-google-c.mdx
2026-07-02 19:31:42,497 [INFO] Logged in to File Browser
2026-07-02 19:31:42,622 [INFO] Uploaded to File Browser: https://files.sebastianmorales.sbs/files/blog/test/test-image.jpg
2026-07-02 20:00:01,421 [INFO] Starting blog content generation
2026-07-02 20:00:01,421 [INFO] Starting blog content generation
2026-07-02 20:00:04,314 [INFO] Fetched 10 stories from HackerNews
2026-07-02 20:00:04,314 [INFO] Fetched 10 stories from HackerNews
2026-07-02 20:00:04,371 [INFO] Fetched 5 stories from TechCrunch
2026-07-02 20:00:04,371 [INFO] Fetched 5 stories from TechCrunch
2026-07-02 20:00:04,509 [INFO] Fetched 5 stories from The Verge
2026-07-02 20:00:04,509 [INFO] Fetched 5 stories from The Verge
2026-07-02 20:00:04,646 [INFO] Fetched 5 stories from Ars Technica - All content
2026-07-02 20:00:04,646 [INFO] Fetched 5 stories from Ars Technica - All content
2026-07-02 20:00:04,647 [INFO] Selected 4 stories for generation
2026-07-02 20:00:04,647 [INFO] Selected 4 stories for generation
2026-07-02 20:00:04,647 [INFO] Generating post for: Android Developer Verification: Threat masquerading as protection
2026-07-02 20:00:04,647 [INFO] Generating post for: Android Developer Verification: Threat masquerading as protection
2026-07-02 20:00:51,144 [INFO] Parsed 2 image prompts, mermaid: True
2026-07-02 20:00:51,144 [INFO] Parsed 2 image prompts, mermaid: True
2026-07-02 20:00:51,144 [INFO] Generated image URL: https://image.pollinations.ai/prompt/A%20dark%20cinematic%20scene%20of%20a%20gia...
2026-07-02 20:00:51,144 [INFO] Generated image URL: https://image.pollinations.ai/prompt/A%20dark%20cinematic%20scene%20of%20a%20gia...
2026-07-02 20:00:51,144 [INFO] Generated image URL: https://image.pollinations.ai/prompt/An%20abstract%20visual%20metaphor%20showing...
2026-07-02 20:00:51,144 [INFO] Generated image URL: https://image.pollinations.ai/prompt/An%20abstract%20visual%20metaphor%20showing...
2026-07-02 20:00:51,145 [INFO] Created post: /home/ubuntu/projects/blog/src/content/blog/2026-07-02-el-cerrojo-de-google-c-mo-la-verificaci-n-de-desar.mdx
2026-07-02 20:00:51,145 [INFO] Created post: /home/ubuntu/projects/blog/src/content/blog/2026-07-02-el-cerrojo-de-google-c-mo-la-verificaci-n-de-desar.mdx
2026-07-02 20:00:52,322 [INFO] Pushed to git: blog: add El Cerrojo de Google: Cómo la Verificación de Desarrolladores Amenaza el Ecosistema Libre
2026-07-02 20:00:52,322 [INFO] Pushed to git: blog: add El Cerrojo de Google: Cómo la Verificación de Desarrolladores Amenaza el Ecosistema Libre
2026-07-02 20:00:52,322 [INFO] Generating post for: PeerTube is a free, decentralized and federated video platform
2026-07-02 20:00:52,322 [INFO] Generating post for: PeerTube is a free, decentralized and federated video platform
2026-07-02 20:01:42,847 [INFO] Parsed 2 image prompts, mermaid: True
2026-07-02 20:01:42,847 [INFO] Parsed 2 image prompts, mermaid: True
2026-07-02 20:01:42,848 [INFO] Generated image URL: https://image.pollinations.ai/prompt/A%20cinematic%20wide%20shot%20of%20a%20vast...
2026-07-02 20:01:42,848 [INFO] Generated image URL: https://image.pollinations.ai/prompt/A%20cinematic%20wide%20shot%20of%20a%20vast...
2026-07-02 20:01:42,848 [INFO] Generated image URL: https://image.pollinations.ai/prompt/An%20artistic%20close-up%20of%20hands%20typ...
2026-07-02 20:01:42,848 [INFO] Generated image URL: https://image.pollinations.ai/prompt/An%20artistic%20close-up%20of%20hands%20typ...
2026-07-02 20:01:42,848 [INFO] Created post: /home/ubuntu/projects/blog/src/content/blog/2026-07-02-peertube-puede-el-video-federado-desafiar-el-monop.mdx
2026-07-02 20:01:42,848 [INFO] Created post: /home/ubuntu/projects/blog/src/content/blog/2026-07-02-peertube-puede-el-video-federado-desafiar-el-monop.mdx
2026-07-02 20:01:44,025 [INFO] Pushed to git: blog: add PeerTube: ¿Puede el Video Federado Desafiar el Monopolio Digital de YouTube?
2026-07-02 20:01:44,025 [INFO] Pushed to git: blog: add PeerTube: ¿Puede el Video Federado Desafiar el Monopolio Digital de YouTube?
2026-07-02 20:01:44,025 [INFO] Generation complete. Created 2 posts.
2026-07-02 20:01:44,025 [INFO] Generation complete. Created 2 posts.
2026-07-03 08:00:02,127 [INFO] Starting blog content generation
2026-07-03 08:00:02,127 [INFO] Starting blog content generation
2026-07-03 08:00:05,241 [INFO] Fetched 10 stories from HackerNews
2026-07-03 08:00:05,241 [INFO] Fetched 10 stories from HackerNews
2026-07-03 08:00:05,298 [INFO] Fetched 5 stories from TechCrunch
2026-07-03 08:00:05,298 [INFO] Fetched 5 stories from TechCrunch
2026-07-03 08:00:05,459 [INFO] Fetched 5 stories from The Verge
2026-07-03 08:00:05,459 [INFO] Fetched 5 stories from The Verge
2026-07-03 08:00:05,575 [INFO] Fetched 5 stories from Ars Technica - All content
2026-07-03 08:00:05,575 [INFO] Fetched 5 stories from Ars Technica - All content
2026-07-03 08:00:05,576 [INFO] Selected 4 stories for generation
2026-07-03 08:00:05,576 [INFO] Selected 4 stories for generation
2026-07-03 08:00:05,576 [INFO] Generating post for: Virginia bans sale of geolocation data
2026-07-03 08:00:05,576 [INFO] Generating post for: Virginia bans sale of geolocation data
2026-07-03 08:01:08,797 [INFO] Parsed 2 image prompts, mermaid: True
2026-07-03 08:01:08,797 [INFO] Parsed 2 image prompts, mermaid: True
2026-07-03 08:01:08,797 [INFO] Generated image URL: https://image.pollinations.ai/prompt/A%20dark%20cinematic%20aerial%20view%20of%2...
2026-07-03 08:01:08,797 [INFO] Generated image URL: https://image.pollinations.ai/prompt/A%20dark%20cinematic%20aerial%20view%20of%2...
2026-07-03 08:01:08,797 [INFO] Generated image URL: https://image.pollinations.ai/prompt/An%20abstract%20conceptual%20artwork%20show...
2026-07-03 08:01:08,797 [INFO] Generated image URL: https://image.pollinations.ai/prompt/An%20abstract%20conceptual%20artwork%20show...
2026-07-03 08:01:08,797 [INFO] Created post: /home/ubuntu/projects/blog/src/content/blog/2026-07-03-virginia-proh-be-la-venta-de-datos-de-geolocalizac.mdx
2026-07-03 08:01:08,797 [INFO] Created post: /home/ubuntu/projects/blog/src/content/blog/2026-07-03-virginia-proh-be-la-venta-de-datos-de-geolocalizac.mdx
2026-07-03 08:01:09,986 [INFO] Pushed to git: blog: add Virginia prohíbe la venta de datos de geolocalización: una grieta en la máquina del capital de vigilancia
2026-07-03 08:01:09,986 [INFO] Pushed to git: blog: add Virginia prohíbe la venta de datos de geolocalización: una grieta en la máquina del capital de vigilancia
2026-07-03 08:01:09,986 [INFO] Generating post for: Podman v6.0.0
2026-07-03 08:01:09,986 [INFO] Generating post for: Podman v6.0.0
2026-07-03 08:02:10,620 [INFO] Parsed 2 image prompts, mermaid: True
2026-07-03 08:02:10,620 [INFO] Parsed 2 image prompts, mermaid: True
2026-07-03 08:02:10,620 [INFO] Generated image URL: https://image.pollinations.ai/prompt/A%20dark%2C%20cinematic%20composition%20sho...
2026-07-03 08:02:10,620 [INFO] Generated image URL: https://image.pollinations.ai/prompt/A%20dark%2C%20cinematic%20composition%20sho...
2026-07-03 08:02:10,620 [INFO] Generated image URL: https://image.pollinations.ai/prompt/Abstract%20visualization%20of%20a%20complex...
2026-07-03 08:02:10,620 [INFO] Generated image URL: https://image.pollinations.ai/prompt/Abstract%20visualization%20of%20a%20complex...
2026-07-03 08:02:10,621 [INFO] Created post: /home/ubuntu/projects/blog/src/content/blog/2026-07-03-podman-v6-0-0-cuando-el-software-libre-se-conviert.mdx
2026-07-03 08:02:10,621 [INFO] Created post: /home/ubuntu/projects/blog/src/content/blog/2026-07-03-podman-v6-0-0-cuando-el-software-libre-se-conviert.mdx
2026-07-03 08:02:11,851 [INFO] Pushed to git: blog: add Podman v6.0.0: Cuando el software libre se convierte en trincheras del capital monopólico
2026-07-03 08:02:11,851 [INFO] Pushed to git: blog: add Podman v6.0.0: Cuando el software libre se convierte en trincheras del capital monopólico
2026-07-03 08:02:11,851 [INFO] Generation complete. Created 2 posts.
2026-07-03 08:02:11,851 [INFO] Generation complete. Created 2 posts.
